<?xml version="1.0" encoding="UTF-8"?>
<!-- Generated by org.testng.reporters.JUnitReportReporter -->
<testsuite skipped="0" hostname="Sahebstua" name="com.learning.LearnMvn.Learnmvncode" tests="1" failures="0" timestamp="15 Jun 2020 14:39:08 GMT" time="22.313" errors="0">
  <testcase name="TestM" time="22.313" classname="com.learning.LearnMvn.Learnmvncode"/>
</testsuite> <!-- com.learning.LearnMvn.Learnmvncode -->
