<?xml version="1.0" encoding="UTF-8"?>
<!-- Generated by org.testng.reporters.JUnitReportReporter -->
<testsuite skipped="0" hostname="Sahebstua" name="com.learning.LearnMvn.Learnmvncode" tests="1" failures="0" timestamp="15 Jun 2020 12:24:12 GMT" time="31.792" errors="0">
  <testcase name="TestM" time="31.792" classname="com.learning.LearnMvn.Learnmvncode"/>
</testsuite> <!-- com.learning.LearnMvn.Learnmvncode -->
